<?xml version="1.0" encoding="UTF-8"?>
<testng-results skipped="0" failed="0" ignored="0" total="2" passed="2">
  <reporter-output>
  </reporter-output>
  <suite name="Default suite" duration-ms="71" started-at="2021-12-09T13:37:16 IST" finished-at="2021-12-09T13:37:16 IST">
    <groups>
    </groups>
    <test name="Default test" duration-ms="71" started-at="2021-12-09T13:37:16 IST" finished-at="2021-12-09T13:37:16 IST">
      <class name="Test.Sample_Maven_Project.TC01Test">
        <test-method status="PASS" signature="medicalshop()[pri:0, instance:Test.Sample_Maven_Project.TC01Test@1c3a4799]" name="medicalshop" duration-ms="11" started-at="2021-12-09T13:37:16 IST" finished-at="2021-12-09T13:37:16 IST">
          <reporter-output>
          </reporter-output>
        </test-method> <!-- medicalshop -->
        <test-method status="PASS" signature="webshop()[pri:0, instance:Test.Sample_Maven_Project.TC01Test@1c3a4799]" name="webshop" duration-ms="2" started-at="2021-12-09T13:37:16 IST" finished-at="2021-12-09T13:37:16 IST">
          <reporter-output>
          </reporter-output>
        </test-method> <!-- webshop -->
      </class> <!-- Test.Sample_Maven_Project.TC01Test -->
    </test> <!-- Default test -->
  </suite> <!-- Default suite -->
</testng-results>
